<?xml version="1.0" encoding="UTF-8"?>
<!-- Generated by org.testng.reporters.JUnitReportReporter -->
<testsuite skipped="1" hostname="ROWLSIT063WZMV1" name="com.evisa.qa.testcases.ApplicantionSummaryTest" tests="1" failures="0" timestamp="2021-08-11T12:28:00 GST" time="0.000" errors="0">
  <testcase name="SelectNationalityTest" time="0.000" classname="com.evisa.qa.testcases.ApplicantionSummaryTest">
    <skipped/>
  </testcase> <!-- SelectNationalityTest -->
  <system-out/>
</testsuite> <!-- com.evisa.qa.testcases.ApplicantionSummaryTest -->
