<?xml version="1.0" encoding="UTF-8"?>
<!-- Generated by org.testng.reporters.JUnitReportReporter -->
<testsuite skipped="0" hostname="ROWLSIT063WZMV1" name="com.evisa.qa.testcases.LoginPageTest" tests="1" failures="0" timestamp="31 May 2022 11:53:13 GMT" time="32.299" errors="0">
  <testcase name="logintest" time="32.299" classname="com.evisa.qa.testcases.LoginPageTest"/>
</testsuite> <!-- com.evisa.qa.testcases.LoginPageTest -->
