<?xml version="1.0" encoding="UTF-8"?>
<!-- Generated by org.testng.reporters.JUnitReportReporter -->
<testsuite hostname="ROWLSIT063WZMV1" failures="0" tests="1" name="com.evisa.qa.testcases.Renew_Visa_Test" time="187.322" errors="0" timestamp="2021-10-06T14:50:20 GST" skipped="0">
  <testcase classname="com.evisa.qa.testcases.Renew_Visa_Test" name="RenewVisa" time="187.322"/>
  <system-out/>
</testsuite> <!-- com.evisa.qa.testcases.Renew_Visa_Test -->
