<?xml version="1.0" encoding="UTF-8"?>
<!-- Generated by org.testng.reporters.JUnitReportReporter -->
<testsuite skipped="0" hostname="ROWLSIT063WZMV1" name="com.evisa.qa.testcases.LoginPageTest" tests="2" failures="0" timestamp="12 Jun 2022 05:56:44 GMT" time="70.663" errors="0">
  <testcase name="eVisaLogoTest" time="51.157" classname="com.evisa.qa.testcases.LoginPageTest"/>
  <testcase name="logintest" time="19.506" classname="com.evisa.qa.testcases.LoginPageTest"/>
</testsuite> <!-- com.evisa.qa.testcases.LoginPageTest -->
